{"C:\\Users\\bobop\\Documents\\own\\react-tenxyte\\packages\\react-tenxyte\\src\\client.ts": {"path":"C:\\Users\\bobop\\Documents\\own\\react-tenxyte\\packages\\react-tenxyte\\src\\client.ts","statementMap":{"0":{"start":{"line":8,"column":27},"end":{"line":8,"column":null}},"1":{"start":{"line":9,"column":90},"end":{"line":9,"column":null}},"2":{"start":{"line":12,"column":8},"end":{"line":14,"column":null}},"3":{"start":{"line":13,"column":12},"end":{"line":13,"column":null}},"4":{"start":{"line":15,"column":8},"end":{"line":15,"column":null}},"5":{"start":{"line":16,"column":8},"end":{"line":16,"column":null}},"6":{"start":{"line":20,"column":8},"end":{"line":20,"column":null}},"7":{"start":{"line":24,"column":8},"end":{"line":24,"column":null}},"8":{"start":{"line":28,"column":8},"end":{"line":28,"column":null}},"9":{"start":{"line":32,"column":48},"end":{"line":36,"column":null}},"10":{"start":{"line":37,"column":8},"end":{"line":39,"column":null}},"11":{"start":{"line":38,"column":12},"end":{"line":38,"column":null}},"12":{"start":{"line":41,"column":28},"end":{"line":41,"column":null}},"13":{"start":{"line":42,"column":8},"end":{"line":44,"column":null}},"14":{"start":{"line":43,"column":12},"end":{"line":43,"column":null}},"15":{"start":{"line":46,"column":8},"end":{"line":46,"column":null}},"16":{"start":{"line":50,"column":8},"end":{"line":50,"column":null}},"17":{"start":{"line":50,"column":46},"end":{"line":50,"column":62}},"18":{"start":{"line":51,"column":8},"end":{"line":51,"column":null}},"19":{"start":{"line":55,"column":8},"end":{"line":55,"column":null}},"20":{"start":{"line":59,"column":23},"end":{"line":59,"column":null}},"21":{"start":{"line":60,"column":8},"end":{"line":62,"column":null}},"22":{"start":{"line":61,"column":12},"end":{"line":61,"column":null}},"23":{"start":{"line":64,"column":20},"end":{"line":64,"column":null}},"24":{"start":{"line":66,"column":48},"end":{"line":70,"column":null}},"25":{"start":{"line":72,"column":25},"end":{"line":76,"column":null}},"26":{"start":{"line":78,"column":8},"end":{"line":81,"column":null}},"27":{"start":{"line":79,"column":12},"end":{"line":79,"column":null}},"28":{"start":{"line":80,"column":12},"end":{"line":80,"column":null}},"29":{"start":{"line":83,"column":21},"end":{"line":83,"column":null}},"30":{"start":{"line":84,"column":8},"end":{"line":84,"column":null}},"31":{"start":{"line":85,"column":8},"end":{"line":85,"column":null}},"32":{"start":{"line":89,"column":20},"end":{"line":89,"column":null}},"33":{"start":{"line":90,"column":24},"end":{"line":93,"column":null}},"34":{"start":{"line":95,"column":25},"end":{"line":98,"column":null}},"35":{"start":{"line":100,"column":8},"end":{"line":102,"column":null}},"36":{"start":{"line":101,"column":12},"end":{"line":101,"column":null}},"37":{"start":{"line":104,"column":8},"end":{"line":112,"column":null}},"38":{"start":{"line":106,"column":12},"end":{"line":110,"column":null}},"39":{"start":{"line":107,"column":16},"end":{"line":107,"column":null}},"40":{"start":{"line":109,"column":16},"end":{"line":109,"column":null}},"41":{"start":{"line":111,"column":12},"end":{"line":111,"column":null}},"42":{"start":{"line":114,"column":8},"end":{"line":116,"column":null}},"43":{"start":{"line":115,"column":12},"end":{"line":115,"column":null}},"44":{"start":{"line":118,"column":8},"end":{"line":122,"column":null}},"45":{"start":{"line":119,"column":12},"end":{"line":119,"column":null}},"46":{"start":{"line":121,"column":12},"end":{"line":121,"column":null}},"47":{"start":{"line":127,"column":8},"end":{"line":143,"column":null}},"48":{"start":{"line":128,"column":12},"end":{"line":142,"column":null}},"49":{"start":{"line":129,"column":16},"end":{"line":141,"column":null}},"50":{"start":{"line":130,"column":20},"end":{"line":133,"column":null}},"51":{"start":{"line":131,"column":24},"end":{"line":131,"column":null}},"52":{"start":{"line":132,"column":24},"end":{"line":132,"column":null}},"53":{"start":{"line":135,"column":20},"end":{"line":140,"column":null}},"54":{"start":{"line":136,"column":36},"end":{"line":136,"column":null}},"55":{"start":{"line":137,"column":24},"end":{"line":137,"column":null}},"56":{"start":{"line":139,"column":24},"end":{"line":139,"column":null}},"57":{"start":{"line":145,"column":8},"end":{"line":145,"column":null}},"58":{"start":{"line":146,"column":8},"end":{"line":165,"column":null}},"59":{"start":{"line":147,"column":30},"end":{"line":147,"column":null}},"60":{"start":{"line":148,"column":12},"end":{"line":148,"column":null}},"61":{"start":{"line":149,"column":12},"end":{"line":149,"column":null}},"62":{"start":{"line":152,"column":12},"end":{"line":152,"column":null}},"63":{"start":{"line":154,"column":12},"end":{"line":154,"column":null}},"64":{"start":{"line":155,"column":12},"end":{"line":155,"column":null}},"65":{"start":{"line":159,"column":12},"end":{"line":163,"column":null}},"66":{"start":{"line":160,"column":16},"end":{"line":160,"column":null}},"67":{"start":{"line":162,"column":16},"end":{"line":162,"column":null}},"68":{"start":{"line":164,"column":12},"end":{"line":164,"column":null}}},"fnMap":{"0":{"name":"(anonymous_0)","decl":{"start":{"line":11,"column":4},"end":{"line":11,"column":16}},"loc":{"start":{"line":11,"column":63},"end":{"line":17,"column":null}},"line":11},"1":{"name":"(anonymous_1)","decl":{"start":{"line":19,"column":11},"end":{"line":19,"column":38}},"loc":{"start":{"line":19,"column":38},"end":{"line":21,"column":null}},"line":19},"2":{"name":"(anonymous_2)","decl":{"start":{"line":23,"column":11},"end":{"line":23,"column":22}},"loc":{"start":{"line":23,"column":39},"end":{"line":25,"column":null}},"line":23},"3":{"name":"(anonymous_3)","decl":{"start":{"line":27,"column":11},"end":{"line":27,"column":43}},"loc":{"start":{"line":27,"column":43},"end":{"line":29,"column":null}},"line":27},"4":{"name":"(anonymous_4)","decl":{"start":{"line":31,"column":12},"end":{"line":31,"column":53}},"loc":{"start":{"line":31,"column":53},"end":{"line":47,"column":null}},"line":31},"5":{"name":"(anonymous_5)","decl":{"start":{"line":49,"column":12},"end":{"line":49,"column":24}},"loc":{"start":{"line":49,"column":67},"end":{"line":52,"column":null}},"line":49},"6":{"name":"(anonymous_6)","decl":{"start":{"line":50,"column":40},"end":{"line":50,"column":46}},"loc":{"start":{"line":50,"column":46},"end":{"line":50,"column":62}},"line":50},"7":{"name":"(anonymous_7)","decl":{"start":{"line":54,"column":12},"end":{"line":54,"column":33}},"loc":{"start":{"line":54,"column":90},"end":{"line":56,"column":null}},"line":54},"8":{"name":"(anonymous_8)","decl":{"start":{"line":58,"column":18},"end":{"line":58,"column":51}},"loc":{"start":{"line":58,"column":51},"end":{"line":86,"column":null}},"line":58},"9":{"name":"(anonymous_9)","decl":{"start":{"line":88,"column":17},"end":{"line":88,"column":32}},"loc":{"start":{"line":88,"column":89},"end":{"line":123,"column":null}},"line":88},"10":{"name":"(anonymous_10)","decl":{"start":{"line":125,"column":18},"end":{"line":125,"column":36}},"loc":{"start":{"line":125,"column":116},"end":{"line":166,"column":null}},"line":125},"11":{"name":"(anonymous_11)","decl":{"start":{"line":128,"column":31},"end":{"line":128,"column":32}},"loc":{"start":{"line":128,"column":52},"end":{"line":142,"column":13}},"line":128},"12":{"name":"(anonymous_12)","decl":{"start":{"line":129,"column":42},"end":{"line":129,"column":49}},"loc":{"start":{"line":129,"column":66},"end":{"line":141,"column":17}},"line":129}},"branchMap":{"0":{"loc":{"start":{"line":12,"column":8},"end":{"line":14,"column":null}},"type":"if","locations":[{"start":{"line":12,"column":8},"end":{"line":14,"column":null}},{"start":{},"end":{}}],"line":12},"1":{"loc":{"start":{"line":12,"column":12},"end":{"line":12,"column":73}},"type":"binary-expr","locations":[{"start":{"line":12,"column":12},"end":{"line":12,"column":30}},{"start":{"line":12,"column":30},"end":{"line":12,"column":51}},{"start":{"line":12,"column":51},"end":{"line":12,"column":73}}],"line":12},"2":{"loc":{"start":{"line":16,"column":28},"end":{"line":16,"column":null}},"type":"binary-expr","locations":[{"start":{"line":16,"column":28},"end":{"line":16,"column":39}},{"start":{"line":16,"column":39},"end":{"line":16,"column":null}}],"line":16},"3":{"loc":{"start":{"line":37,"column":8},"end":{"line":39,"column":null}},"type":"if","locations":[{"start":{"line":37,"column":8},"end":{"line":39,"column":null}},{"start":{},"end":{}}],"line":37},"4":{"loc":{"start":{"line":42,"column":8},"end":{"line":44,"column":null}},"type":"if","locations":[{"start":{"line":42,"column":8},"end":{"line":44,"column":null}},{"start":{},"end":{}}],"line":42},"5":{"loc":{"start":{"line":60,"column":8},"end":{"line":62,"column":null}},"type":"if","locations":[{"start":{"line":60,"column":8},"end":{"line":62,"column":null}},{"start":{},"end":{}}],"line":60},"6":{"loc":{"start":{"line":60,"column":12},"end":{"line":60,"column":46}},"type":"binary-expr","locations":[{"start":{"line":60,"column":12},"end":{"line":60,"column":23}},{"start":{"line":60,"column":23},"end":{"line":60,"column":46}}],"line":60},"7":{"loc":{"start":{"line":78,"column":8},"end":{"line":81,"column":null}},"type":"if","locations":[{"start":{"line":78,"column":8},"end":{"line":81,"column":null}},{"start":{},"end":{}}],"line":78},"8":{"loc":{"start":{"line":88,"column":50},"end":{"line":88,"column":89}},"type":"default-arg","locations":[{"start":{"line":88,"column":73},"end":{"line":88,"column":89}}],"line":88},"9":{"loc":{"start":{"line":100,"column":8},"end":{"line":102,"column":null}},"type":"if","locations":[{"start":{"line":100,"column":8},"end":{"line":102,"column":null}},{"start":{},"end":{}}],"line":100},"10":{"loc":{"start":{"line":100,"column":12},"end":{"line":100,"column":72}},"type":"binary-expr","locations":[{"start":{"line":100,"column":12},"end":{"line":100,"column":39}},{"start":{"line":100,"column":39},"end":{"line":100,"column":72}}],"line":100},"11":{"loc":{"start":{"line":104,"column":8},"end":{"line":112,"column":null}},"type":"if","locations":[{"start":{"line":104,"column":8},"end":{"line":112,"column":null}},{"start":{},"end":{}}],"line":104},"12":{"loc":{"start":{"line":111,"column":28},"end":{"line":111,"column":117}},"type":"binary-expr","locations":[{"start":{"line":111,"column":28},"end":{"line":111,"column":48}},{"start":{"line":111,"column":48},"end":{"line":111,"column":70}},{"start":{"line":111,"column":70},"end":{"line":111,"column":117}}],"line":111},"13":{"loc":{"start":{"line":114,"column":8},"end":{"line":116,"column":null}},"type":"if","locations":[{"start":{"line":114,"column":8},"end":{"line":116,"column":null}},{"start":{},"end":{}}],"line":114},"14":{"loc":{"start":{"line":127,"column":8},"end":{"line":143,"column":null}},"type":"if","locations":[{"start":{"line":127,"column":8},"end":{"line":143,"column":null}},{"start":{},"end":{}}],"line":127},"15":{"loc":{"start":{"line":130,"column":20},"end":{"line":133,"column":null}},"type":"if","locations":[{"start":{"line":130,"column":20},"end":{"line":133,"column":null}},{"start":{},"end":{}}],"line":130},"16":{"loc":{"start":{"line":164,"column":28},"end":{"line":164,"column":87}},"type":"binary-expr","locations":[{"start":{"line":164,"column":28},"end":{"line":164,"column":48}},{"start":{"line":164,"column":48},"end":{"line":164,"column":70}},{"start":{"line":164,"column":70},"end":{"line":164,"column":87}}],"line":164}},"s":{"0":9,"1":9,"2":9,"3":1,"4":8,"5":8,"6":0,"7":0,"8":0,"9":12,"10":12,"11":1,"12":12,"13":12,"14":8,"15":12,"16":3,"17":1,"18":3,"19":1,"20":3,"21":3,"22":0,"23":3,"24":3,"25":3,"26":3,"27":1,"28":1,"29":2,"30":2,"31":2,"32":12,"33":12,"34":12,"35":12,"36":4,"37":8,"38":1,"39":1,"40":0,"41":1,"42":7,"43":0,"44":7,"45":7,"46":0,"47":4,"48":1,"49":1,"50":1,"51":0,"52":0,"53":1,"54":1,"55":1,"56":0,"57":3,"58":3,"59":3,"60":2,"61":2,"62":2,"63":1,"64":1,"65":1,"66":1,"67":0,"68":1},"f":{"0":9,"1":0,"2":0,"3":0,"4":12,"5":3,"6":1,"7":1,"8":3,"9":12,"10":4,"11":1,"12":1},"b":{"0":[1,8],"1":[9,8,8],"2":[8,4],"3":[1,11],"4":[8,4],"5":[0,3],"6":[3,3],"7":[1,2],"8":[12],"9":[4,8],"10":[12,4],"11":[1,7],"12":[1,0,0],"13":[0,7],"14":[1,3],"15":[0,1],"16":[1,0,0]},"meta":{"lastBranch":17,"lastFunction":13,"lastStatement":69,"seen":{"s:8:27:8:Infinity":0,"s:9:90:9:Infinity":1,"f:11:4:11:16":0,"b:12:8:14:Infinity:undefined:undefined:undefined:undefined":0,"s:12:8:14:Infinity":2,"b:12:12:12:30:12:30:12:51:12:51:12:73":1,"s:13:12:13:Infinity":3,"s:15:8:15:Infinity":4,"s:16:8:16:Infinity":5,"b:16:28:16:39:16:39:16:Infinity":2,"f:19:11:19:38":1,"s:20:8:20:Infinity":6,"f:23:11:23:22":2,"s:24:8:24:Infinity":7,"f:27:11:27:43":3,"s:28:8:28:Infinity":8,"f:31:12:31:53":4,"s:32:48:36:Infinity":9,"b:37:8:39:Infinity:undefined:undefined:undefined:undefined":3,"s:37:8:39:Infinity":10,"s:38:12:38:Infinity":11,"s:41:28:41:Infinity":12,"b:42:8:44:Infinity:undefined:undefined:undefined:undefined":4,"s:42:8:44:Infinity":13,"s:43:12:43:Infinity":14,"s:46:8:46:Infinity":15,"f:49:12:49:24":5,"s:50:8:50:Infinity":16,"f:50:40:50:46":6,"s:50:46:50:62":17,"s:51:8:51:Infinity":18,"f:54:12:54:33":7,"s:55:8:55:Infinity":19,"f:58:18:58:51":8,"s:59:23:59:Infinity":20,"b:60:8:62:Infinity:undefined:undefined:undefined:undefined":5,"s:60:8:62:Infinity":21,"b:60:12:60:23:60:23:60:46":6,"s:61:12:61:Infinity":22,"s:64:20:64:Infinity":23,"s:66:48:70:Infinity":24,"s:72:25:76:Infinity":25,"b:78:8:81:Infinity:undefined:undefined:undefined:undefined":7,"s:78:8:81:Infinity":26,"s:79:12:79:Infinity":27,"s:80:12:80:Infinity":28,"s:83:21:83:Infinity":29,"s:84:8:84:Infinity":30,"s:85:8:85:Infinity":31,"f:88:17:88:32":9,"b:88:73:88:89":8,"s:89:20:89:Infinity":32,"s:90:24:93:Infinity":33,"s:95:25:98:Infinity":34,"b:100:8:102:Infinity:undefined:undefined:undefined:undefined":9,"s:100:8:102:Infinity":35,"b:100:12:100:39:100:39:100:72":10,"s:101:12:101:Infinity":36,"b:104:8:112:Infinity:undefined:undefined:undefined:undefined":11,"s:104:8:112:Infinity":37,"s:106:12:110:Infinity":38,"s:107:16:107:Infinity":39,"s:109:16:109:Infinity":40,"s:111:12:111:Infinity":41,"b:111:28:111:48:111:48:111:70:111:70:111:117":12,"b:114:8:116:Infinity:undefined:undefined:undefined:undefined":13,"s:114:8:116:Infinity":42,"s:115:12:115:Infinity":43,"s:118:8:122:Infinity":44,"s:119:12:119:Infinity":45,"s:121:12:121:Infinity":46,"f:125:18:125:36":10,"b:127:8:143:Infinity:undefined:undefined:undefined:undefined":14,"s:127:8:143:Infinity":47,"s:128:12:142:Infinity":48,"f:128:31:128:32":11,"s:129:16:141:Infinity":49,"f:129:42:129:49":12,"b:130:20:133:Infinity:undefined:undefined:undefined:undefined":15,"s:130:20:133:Infinity":50,"s:131:24:131:Infinity":51,"s:132:24:132:Infinity":52,"s:135:20:140:Infinity":53,"s:136:36:136:Infinity":54,"s:137:24:137:Infinity":55,"s:139:24:139:Infinity":56,"s:145:8:145:Infinity":57,"s:146:8:165:Infinity":58,"s:147:30:147:Infinity":59,"s:148:12:148:Infinity":60,"s:149:12:149:Infinity":61,"s:152:12:152:Infinity":62,"s:154:12:154:Infinity":63,"s:155:12:155:Infinity":64,"s:159:12:163:Infinity":65,"s:160:16:160:Infinity":66,"s:162:16:162:Infinity":67,"s:164:12:164:Infinity":68,"b:164:28:164:48:164:48:164:70:164:70:164:87":16}}}
,"C:\\Users\\bobop\\Documents\\own\\react-tenxyte\\packages\\react-tenxyte\\src\\storage.ts": {"path":"C:\\Users\\bobop\\Documents\\own\\react-tenxyte\\packages\\react-tenxyte\\src\\storage.ts","statementMap":{"0":{"start":{"line":15,"column":35},"end":{"line":15,"column":null}},"1":{"start":{"line":17,"column":47},"end":{"line":17,"column":null}},"2":{"start":{"line":20,"column":8},"end":{"line":20,"column":null}},"3":{"start":{"line":20,"column":43},"end":{"line":20,"column":null}},"4":{"start":{"line":21,"column":8},"end":{"line":32,"column":null}},"5":{"start":{"line":22,"column":27},"end":{"line":22,"column":null}},"6":{"start":{"line":23,"column":12},"end":{"line":23,"column":null}},"7":{"start":{"line":23,"column":25},"end":{"line":23,"column":null}},"8":{"start":{"line":24,"column":27},"end":{"line":24,"column":null}},"9":{"start":{"line":26,"column":12},"end":{"line":28,"column":null}},"10":{"start":{"line":27,"column":16},"end":{"line":27,"column":null}},"11":{"start":{"line":29,"column":12},"end":{"line":29,"column":null}},"12":{"start":{"line":31,"column":12},"end":{"line":31,"column":null}},"13":{"start":{"line":36,"column":8},"end":{"line":36,"column":null}},"14":{"start":{"line":36,"column":43},"end":{"line":36,"column":null}},"15":{"start":{"line":37,"column":8},"end":{"line":37,"column":null}},"16":{"start":{"line":38,"column":8},"end":{"line":49,"column":null}},"17":{"start":{"line":39,"column":12},"end":{"line":46,"column":null}},"18":{"start":{"line":53,"column":8},"end":{"line":53,"column":null}},"19":{"start":{"line":54,"column":8},"end":{"line":54,"column":null}},"20":{"start":{"line":54,"column":43},"end":{"line":54,"column":null}},"21":{"start":{"line":55,"column":8},"end":{"line":59,"column":null}},"22":{"start":{"line":56,"column":12},"end":{"line":56,"column":null}},"23":{"start":{"line":63,"column":8},"end":{"line":63,"column":null}},"24":{"start":{"line":63,"column":36},"end":{"line":63,"column":null}},"25":{"start":{"line":64,"column":23},"end":{"line":64,"column":null}},"26":{"start":{"line":65,"column":8},"end":{"line":65,"column":null}},"27":{"start":{"line":69,"column":8},"end":{"line":69,"column":null}},"28":{"start":{"line":70,"column":24},"end":{"line":70,"column":null}},"29":{"start":{"line":71,"column":8},"end":{"line":74,"column":null}},"30":{"start":{"line":72,"column":12},"end":{"line":72,"column":null}},"31":{"start":{"line":73,"column":12},"end":{"line":73,"column":null}},"32":{"start":{"line":78,"column":8},"end":{"line":78,"column":null}},"33":{"start":{"line":79,"column":24},"end":{"line":79,"column":null}},"34":{"start":{"line":80,"column":8},"end":{"line":83,"column":null}},"35":{"start":{"line":81,"column":12},"end":{"line":81,"column":null}},"36":{"start":{"line":82,"column":12},"end":{"line":82,"column":null}}},"fnMap":{"0":{"name":"(anonymous_0)","decl":{"start":{"line":19,"column":4},"end":{"line":19,"column":31}},"loc":{"start":{"line":19,"column":31},"end":{"line":33,"column":null}},"line":19},"1":{"name":"(anonymous_1)","decl":{"start":{"line":35,"column":4},"end":{"line":35,"column":14}},"loc":{"start":{"line":35,"column":36},"end":{"line":50,"column":null}},"line":35},"2":{"name":"(anonymous_2)","decl":{"start":{"line":52,"column":4},"end":{"line":52,"column":24}},"loc":{"start":{"line":52,"column":24},"end":{"line":60,"column":null}},"line":52},"3":{"name":"(anonymous_3)","decl":{"start":{"line":62,"column":4},"end":{"line":62,"column":36}},"loc":{"start":{"line":62,"column":36},"end":{"line":66,"column":null}},"line":62},"4":{"name":"(anonymous_4)","decl":{"start":{"line":68,"column":4},"end":{"line":68,"column":19}},"loc":{"start":{"line":68,"column":40},"end":{"line":75,"column":null}},"line":68},"5":{"name":"(anonymous_5)","decl":{"start":{"line":77,"column":4},"end":{"line":77,"column":29}},"loc":{"start":{"line":77,"column":29},"end":{"line":84,"column":null}},"line":77}},"branchMap":{"0":{"loc":{"start":{"line":20,"column":8},"end":{"line":20,"column":null}},"type":"if","locations":[{"start":{"line":20,"column":8},"end":{"line":20,"column":null}},{"start":{},"end":{}}],"line":20},"1":{"loc":{"start":{"line":23,"column":12},"end":{"line":23,"column":null}},"type":"if","locations":[{"start":{"line":23,"column":12},"end":{"line":23,"column":null}},{"start":{},"end":{}}],"line":23},"2":{"loc":{"start":{"line":26,"column":12},"end":{"line":28,"column":null}},"type":"if","locations":[{"start":{"line":26,"column":12},"end":{"line":28,"column":null}},{"start":{},"end":{}}],"line":26},"3":{"loc":{"start":{"line":36,"column":8},"end":{"line":36,"column":null}},"type":"if","locations":[{"start":{"line":36,"column":8},"end":{"line":36,"column":null}},{"start":{},"end":{}}],"line":36},"4":{"loc":{"start":{"line":54,"column":8},"end":{"line":54,"column":null}},"type":"if","locations":[{"start":{"line":54,"column":8},"end":{"line":54,"column":null}},{"start":{},"end":{}}],"line":54},"5":{"loc":{"start":{"line":63,"column":8},"end":{"line":63,"column":null}},"type":"if","locations":[{"start":{"line":63,"column":8},"end":{"line":63,"column":null}},{"start":{},"end":{}}],"line":63},"6":{"loc":{"start":{"line":65,"column":15},"end":{"line":65,"column":null}},"type":"cond-expr","locations":[{"start":{"line":65,"column":24},"end":{"line":65,"column":46}},{"start":{"line":65,"column":46},"end":{"line":65,"column":null}}],"line":65},"7":{"loc":{"start":{"line":71,"column":8},"end":{"line":74,"column":null}},"type":"if","locations":[{"start":{"line":71,"column":8},"end":{"line":74,"column":null}},{"start":{},"end":{}}],"line":71},"8":{"loc":{"start":{"line":80,"column":8},"end":{"line":83,"column":null}},"type":"if","locations":[{"start":{"line":80,"column":8},"end":{"line":83,"column":null}},{"start":{},"end":{}}],"line":80}},"s":{"0":8,"1":8,"2":9,"3":0,"4":9,"5":9,"6":9,"7":6,"8":3,"9":3,"10":3,"11":3,"12":0,"13":4,"14":0,"15":4,"16":4,"17":4,"18":1,"19":1,"20":0,"21":1,"22":1,"23":4,"24":0,"25":4,"26":4,"27":1,"28":1,"29":1,"30":1,"31":1,"32":0,"33":0,"34":0,"35":0,"36":0},"f":{"0":9,"1":4,"2":1,"3":4,"4":1,"5":0},"b":{"0":[0,9],"1":[6,3],"2":[3,0],"3":[0,4],"4":[0,1],"5":[0,4],"6":[0,4],"7":[1,0],"8":[0,0]},"meta":{"lastBranch":9,"lastFunction":6,"lastStatement":37,"seen":{"s:15:35:15:Infinity":0,"s:17:47:17:Infinity":1,"f:19:4:19:31":0,"b:20:8:20:Infinity:undefined:undefined:undefined:undefined":0,"s:20:8:20:Infinity":2,"s:20:43:20:Infinity":3,"s:21:8:32:Infinity":4,"s:22:27:22:Infinity":5,"b:23:12:23:Infinity:undefined:undefined:undefined:undefined":1,"s:23:12:23:Infinity":6,"s:23:25:23:Infinity":7,"s:24:27:24:Infinity":8,"b:26:12:28:Infinity:undefined:undefined:undefined:undefined":2,"s:26:12:28:Infinity":9,"s:27:16:27:Infinity":10,"s:29:12:29:Infinity":11,"s:31:12:31:Infinity":12,"f:35:4:35:14":1,"b:36:8:36:Infinity:undefined:undefined:undefined:undefined":3,"s:36:8:36:Infinity":13,"s:36:43:36:Infinity":14,"s:37:8:37:Infinity":15,"s:38:8:49:Infinity":16,"s:39:12:46:Infinity":17,"f:52:4:52:24":2,"s:53:8:53:Infinity":18,"b:54:8:54:Infinity:undefined:undefined:undefined:undefined":4,"s:54:8:54:Infinity":19,"s:54:43:54:Infinity":20,"s:55:8:59:Infinity":21,"s:56:12:56:Infinity":22,"f:62:4:62:36":3,"b:63:8:63:Infinity:undefined:undefined:undefined:undefined":5,"s:63:8:63:Infinity":23,"s:63:36:63:Infinity":24,"s:64:23:64:Infinity":25,"s:65:8:65:Infinity":26,"b:65:24:65:46:65:46:65:Infinity":6,"f:68:4:68:19":4,"s:69:8:69:Infinity":27,"s:70:24:70:Infinity":28,"b:71:8:74:Infinity:undefined:undefined:undefined:undefined":7,"s:71:8:74:Infinity":29,"s:72:12:72:Infinity":30,"s:73:12:73:Infinity":31,"f:77:4:77:29":5,"s:78:8:78:Infinity":32,"s:79:24:79:Infinity":33,"b:80:8:83:Infinity:undefined:undefined:undefined:undefined":8,"s:80:8:83:Infinity":34,"s:81:12:81:Infinity":35,"s:82:12:82:Infinity":36}}}
}
